2020-05-13 at 11:36:09 CST [main] INFO  org.springframework.boot.web.servlet.context.AnnotationConfigServletWebServerApplicationContext 590 prepareRefresh - Refreshing org.springframework.boot.web.servlet.context.AnnotationConfigServletWebServerApplicationContext@2ad48653: startup date [Wed May 13 11:36:09 CST 2020]; root of context hierarchy
2020-05-13 at 11:36:10 CST [main] INFO  org.springframework.context.support.PostProcessorRegistrationDelegate$BeanPostProcessorChecker 328 postProcessAfterInitialization - Bean 'shiroConfig' of type [cn.sora.shiro.ShiroConfig$$EnhancerBySpringCGLIB$$7b41b5a9] is not eligible for getting processed by all BeanPostProcessors (for example: not eligible for auto-proxying)
2020-05-13 at 11:36:10 CST [main] INFO  org.springframework.context.support.PostProcessorRegistrationDelegate$BeanPostProcessorChecker 328 postProcessAfterInitialization - Bean 'hashedCredentialsMatcher' of type [org.apache.shiro.authc.credential.HashedCredentialsMatcher] is not eligible for getting processed by all BeanPostProcessors (for example: not eligible for auto-proxying)
2020-05-13 at 11:36:10 CST [main] INFO  org.springframework.context.support.PostProcessorRegistrationDelegate$BeanPostProcessorChecker 328 postProcessAfterInitialization - Bean 'org.springframework.boot.context.properties.ConversionServiceDeducer$Factory' of type [org.springframework.boot.context.properties.ConversionServiceDeducer$Factory] is not eligible for getting processed by all BeanPostProcessors (for example: not eligible for auto-proxying)
2020-05-13 at 11:36:10 CST [main] INFO  org.springframework.context.support.PostProcessorRegistrationDelegate$BeanPostProcessorChecker 328 postProcessAfterInitialization - Bean 'mybatis-org.mybatis.spring.boot.autoconfigure.MybatisProperties' of type [org.mybatis.spring.boot.autoconfigure.MybatisProperties] is not eligible for getting processed by all BeanPostProcessors (for example: not eligible for auto-proxying)
2020-05-13 at 11:36:10 CST [main] INFO  org.springframework.context.support.PostProcessorRegistrationDelegate$BeanPostProcessorChecker 328 postProcessAfterInitialization - Bean 'org.mybatis.spring.boot.autoconfigure.MybatisAutoConfiguration' of type [org.mybatis.spring.boot.autoconfigure.MybatisAutoConfiguration$$EnhancerBySpringCGLIB$$9c8d3f7e] is not eligible for getting processed by all BeanPostProcessors (for example: not eligible for auto-proxying)
2020-05-13 at 11:36:10 CST [main] INFO  org.springframework.context.support.PostProcessorRegistrationDelegate$BeanPostProcessorChecker 328 postProcessAfterInitialization - Bean 'com.alibaba.druid.spring.boot.autoconfigure.DruidDataSourceAutoConfigure' of type [com.alibaba.druid.spring.boot.autoconfigure.DruidDataSourceAutoConfigure$$EnhancerBySpringCGLIB$$8364e3c0] is not eligible for getting processed by all BeanPostProcessors (for example: not eligible for auto-proxying)
2020-05-13 at 11:36:10 CST [main] INFO  org.springframework.context.support.PostProcessorRegistrationDelegate$BeanPostProcessorChecker 328 postProcessAfterInitialization - Bean 'spring.datasource-org.springframework.boot.autoconfigure.jdbc.DataSourceProperties' of type [org.springframework.boot.autoconfigure.jdbc.DataSourceProperties] is not eligible for getting processed by all BeanPostProcessors (for example: not eligible for auto-proxying)
2020-05-13 at 11:36:10 CST [main] INFO  org.springframework.context.support.PostProcessorRegistrationDelegate$BeanPostProcessorChecker 328 postProcessAfterInitialization - Bean 'dataSource' of type [com.alibaba.druid.spring.boot.autoconfigure.DruidDataSourceWrapper] is not eligible for getting processed by all BeanPostProcessors (for example: not eligible for auto-proxying)
2020-05-13 at 11:36:10 CST [main] INFO  org.springframework.context.support.PostProcessorRegistrationDelegate$BeanPostProcessorChecker 328 postProcessAfterInitialization - Bean 'sqlSessionFactory' of type [org.apache.ibatis.session.defaults.DefaultSqlSessionFactory] is not eligible for getting processed by all BeanPostProcessors (for example: not eligible for auto-proxying)
2020-05-13 at 11:36:10 CST [main] INFO  org.springframework.context.support.PostProcessorRegistrationDelegate$BeanPostProcessorChecker 328 postProcessAfterInitialization - Bean 'sqlSessionTemplate' of type [org.mybatis.spring.SqlSessionTemplate] is not eligible for getting processed by all BeanPostProcessors (for example: not eligible for auto-proxying)
2020-05-13 at 11:36:10 CST [main] INFO  org.springframework.context.support.PostProcessorRegistrationDelegate$BeanPostProcessorChecker 328 postProcessAfterInitialization - Bean 'accountUserMapper' of type [org.mybatis.spring.mapper.MapperFactoryBean] is not eligible for getting processed by all BeanPostProcessors (for example: not eligible for auto-proxying)
2020-05-13 at 11:36:10 CST [main] INFO  org.springframework.context.support.PostProcessorRegistrationDelegate$BeanPostProcessorChecker 328 postProcessAfterInitialization - Bean 'accountUserMapper' of type [com.sun.proxy.$Proxy73] is not eligible for getting processed by all BeanPostProcessors (for example: not eligible for auto-proxying)
2020-05-13 at 11:36:10 CST [main] INFO  org.springframework.context.support.PostProcessorRegistrationDelegate$BeanPostProcessorChecker 328 postProcessAfterInitialization - Bean 'accountUserService' of type [cn.sora.service.impl.AccountUserServiceImpl] is not eligible for getting processed by all BeanPostProcessors (for example: not eligible for auto-proxying)
2020-05-13 at 11:36:10 CST [main] INFO  org.springframework.context.support.PostProcessorRegistrationDelegate$BeanPostProcessorChecker 328 postProcessAfterInitialization - Bean 'accountUserRealm' of type [cn.sora.shiro.AccountUserRealm] is not eligible for getting processed by all BeanPostProcessors (for example: not eligible for auto-proxying)
2020-05-13 at 11:36:11 CST [main] INFO  org.springframework.context.support.PostProcessorRegistrationDelegate$BeanPostProcessorChecker 328 postProcessAfterInitialization - Bean 'securityManager' of type [org.apache.shiro.web.mgt.DefaultWebSecurityManager] is not eligible for getting processed by all BeanPostProcessors (for example: not eligible for auto-proxying)
2020-05-13 at 11:36:11 CST [main] INFO  org.springframework.context.support.PostProcessorRegistrationDelegate$BeanPostProcessorChecker 328 postProcessAfterInitialization - Bean 'authorizationAttributeSourceAdvisor' of type [org.apache.shiro.spring.security.interceptor.AuthorizationAttributeSourceAdvisor] is not eligible for getting processed by all BeanPostProcessors (for example: not eligible for auto-proxying)
2020-05-13 at 11:36:11 CST [main] INFO  org.springframework.context.support.PostProcessorRegistrationDelegate$BeanPostProcessorChecker 328 postProcessAfterInitialization - Bean 'org.springframework.transaction.annotation.ProxyTransactionManagementConfiguration' of type [org.springframework.transaction.annotation.ProxyTransactionManagementConfiguration$$EnhancerBySpringCGLIB$$69b8ee4e] is not eligible for getting processed by all BeanPostProcessors (for example: not eligible for auto-proxying)
2020-05-13 at 11:36:11 CST [main] INFO  org.springframework.boot.web.embedded.tomcat.TomcatWebServer 91 initialize - Tomcat initialized with port(s): 80 (http)
2020-05-13 at 11:36:11 CST [localhost-startStop-1] INFO  org.springframework.web.context.ContextLoader 285 prepareWebApplicationContext - Root WebApplicationContext: initialization completed in 1788 ms
2020-05-13 at 11:36:11 CST [localhost-startStop-1] INFO  org.springframework.boot.web.servlet.ServletRegistrationBean 185 addRegistration - Servlet dispatcherServlet mapped to [/]
2020-05-13 at 11:36:11 CST [localhost-startStop-1] INFO  org.springframework.boot.web.servlet.FilterRegistrationBean 244 configure - Mapping filter: 'characterEncodingFilter' to: [/*]
2020-05-13 at 11:36:11 CST [localhost-startStop-1] INFO  org.springframework.boot.web.servlet.FilterRegistrationBean 244 configure - Mapping filter: 'hiddenHttpMethodFilter' to: [/*]
2020-05-13 at 11:36:11 CST [localhost-startStop-1] INFO  org.springframework.boot.web.servlet.FilterRegistrationBean 244 configure - Mapping filter: 'httpPutFormContentFilter' to: [/*]
2020-05-13 at 11:36:11 CST [localhost-startStop-1] INFO  org.springframework.boot.web.servlet.FilterRegistrationBean 244 configure - Mapping filter: 'requestContextFilter' to: [/*]
2020-05-13 at 11:36:11 CST [localhost-startStop-1] INFO  org.springframework.boot.web.servlet.FilterRegistrationBean 244 configure - Mapping filter: 'getShiroFilterFactoryBean' to: [/*]
2020-05-13 at 11:36:12 CST [main] INFO  org.springframework.web.servlet.handler.SimpleUrlHandlerMapping 373 registerHandler - Mapped URL path [/**/favicon.ico] onto handler of type [class org.springframework.web.servlet.resource.ResourceHttpRequestHandler]
2020-05-13 at 11:36:12 CST [main] INFO  org.springframework.web.servlet.mvc.method.annotation.RequestMappingHandlerAdapter 574 initControllerAdviceCache - Looking for @ControllerAdvice: org.springframework.boot.web.servlet.context.AnnotationConfigServletWebServerApplicationContext@2ad48653: startup date [Wed May 13 11:36:09 CST 2020]; root of context hierarchy
2020-05-13 at 11:36:12 CST [main] INFO  org.springframework.web.servlet.mvc.method.annotation.RequestMappingHandlerMapping 547 register - Mapped "{[/userLikeList]}" onto public java.lang.String cn.sora.controller.AccountController.getLikeList(int,int,cn.sora.entity.AccountUser)
2020-05-13 at 11:36:12 CST [main] INFO  org.springframework.web.servlet.mvc.method.annotation.RequestMappingHandlerMapping 547 register - Mapped "{[/userList]}" onto public java.lang.String cn.sora.controller.AccountController.getList(int,int,cn.sora.entity.AccountUser)
2020-05-13 at 11:36:12 CST [main] INFO  org.springframework.web.servlet.mvc.method.annotation.RequestMappingHandlerMapping 547 register - Mapped "{[/addAccount]}" onto public java.lang.String cn.sora.controller.AccountController.addAccount(cn.sora.entity.AccountUser)
2020-05-13 at 11:36:12 CST [main] INFO  org.springframework.web.servlet.mvc.method.annotation.RequestMappingHandlerMapping 547 register - Mapped "{[/deleteAccount]}" onto public java.lang.String cn.sora.controller.AccountController.informationDelete(cn.sora.entity.AccountUser) throws java.io.UnsupportedEncodingException
2020-05-13 at 11:36:12 CST [main] INFO  org.springframework.web.servlet.mvc.method.annotation.RequestMappingHandlerMapping 547 register - Mapped "{[/logout]}" onto public java.lang.String cn.sora.controller.IndexController.logout()
2020-05-13 at 11:36:12 CST [main] INFO  org.springframework.web.servlet.mvc.method.annotation.RequestMappingHandlerMapping 547 register - Mapped "{[/index]}" onto public java.lang.String cn.sora.controller.LoginController.index()
2020-05-13 at 11:36:12 CST [main] INFO  org.springframework.web.servlet.mvc.method.annotation.RequestMappingHandlerMapping 547 register - Mapped "{[/noAuth]}" onto public java.lang.String cn.sora.controller.LoginController.noAuth()
2020-05-13 at 11:36:12 CST [main] INFO  org.springframework.web.servlet.mvc.method.annotation.RequestMappingHandlerMapping 547 register - Mapped "{[/login]}" onto public java.lang.String cn.sora.controller.LoginController.login(java.lang.String,java.lang.String,org.springframework.ui.Model)
2020-05-13 at 11:36:12 CST [main] INFO  org.springframework.web.servlet.mvc.method.annotation.RequestMappingHandlerMapping 547 register - Mapped "{[/toLogin]}" onto public java.lang.String cn.sora.controller.LoginController.toLogin()
2020-05-13 at 11:36:12 CST [main] INFO  org.springframework.web.servlet.mvc.method.annotation.RequestMappingHandlerMapping 547 register - Mapped "{[/list2]}" onto public java.util.List<cn.sora.entity.AccountUser> cn.sora.controller.TableController.list(int,int)
2020-05-13 at 11:36:12 CST [main] INFO  org.springframework.web.servlet.mvc.method.annotation.RequestMappingHandlerMapping 547 register - Mapped "{[/list1]}" onto public java.util.List<java.util.Map<java.lang.String, java.lang.Object>> cn.sora.controller.TableController.list1()
2020-05-13 at 11:36:12 CST [main] INFO  org.springframework.web.servlet.mvc.method.annotation.RequestMappingHandlerMapping 547 register - Mapped "{[/userView]}" onto public java.lang.String cn.sora.controller.TestController.userView(java.lang.String)
2020-05-13 at 11:36:12 CST [main] INFO  org.springframework.web.servlet.mvc.method.annotation.RequestMappingHandlerMapping 547 register - Mapped "{[/test2]}" onto public java.lang.String cn.sora.controller.TestController.sayHi(org.springframework.ui.Model)
2020-05-13 at 11:36:12 CST [main] INFO  org.springframework.web.servlet.mvc.method.annotation.RequestMappingHandlerMapping 547 register - Mapped "{[/test1]}" onto public java.lang.String cn.sora.controller.TestController.sayHello()
2020-05-13 at 11:36:12 CST [main] INFO  org.springframework.web.servlet.mvc.method.annotation.RequestMappingHandlerMapping 547 register - Mapped "{[/test4]}" onto public java.lang.String cn.sora.controller.TestController.test4()
2020-05-13 at 11:36:12 CST [main] INFO  org.springframework.web.servlet.mvc.method.annotation.RequestMappingHandlerMapping 547 register - Mapped "{[/error]}" onto public org.springframework.http.ResponseEntity<java.util.Map<java.lang.String, java.lang.Object>> org.springframework.boot.autoconfigure.web.servlet.error.BasicErrorController.error(javax.servlet.http.HttpServletRequest)
2020-05-13 at 11:36:12 CST [main] INFO  org.springframework.web.servlet.mvc.method.annotation.RequestMappingHandlerMapping 547 register - Mapped "{[/error],produces=[text/html]}" onto public org.springframework.web.servlet.ModelAndView org.springframework.boot.autoconfigure.web.servlet.error.BasicErrorController.errorHtml(javax.servlet.http.HttpServletRequest,javax.servlet.http.HttpServletResponse)
2020-05-13 at 11:36:12 CST [main] INFO  org.springframework.web.servlet.handler.SimpleUrlHandlerMapping 373 registerHandler - Mapped URL path [/webjars/**] onto handler of type [class org.springframework.web.servlet.resource.ResourceHttpRequestHandler]
2020-05-13 at 11:36:12 CST [main] INFO  org.springframework.web.servlet.handler.SimpleUrlHandlerMapping 373 registerHandler - Mapped URL path [/**] onto handler of type [class org.springframework.web.servlet.resource.ResourceHttpRequestHandler]
2020-05-13 at 11:36:12 CST [main] INFO  org.springframework.boot.autoconfigure.web.servlet.WelcomePageHandlerMapping 61 <init> - Adding welcome page template: index
2020-05-13 at 11:36:12 CST [main] INFO  org.springframework.jmx.export.annotation.AnnotationMBeanExporter 433 afterSingletonsInstantiated - Registering beans for JMX exposure on startup
2020-05-13 at 11:36:12 CST [main] INFO  org.springframework.jmx.export.annotation.AnnotationMBeanExporter 895 autodetect - Bean with name 'dataSource' has been autodetected for JMX exposure
2020-05-13 at 11:36:12 CST [main] INFO  org.springframework.jmx.export.annotation.AnnotationMBeanExporter 668 registerBeanInstance - Located MBean 'dataSource': registering with JMX server as MBean [com.alibaba.druid.spring.boot.autoconfigure:name=dataSource,type=DruidDataSourceWrapper]
2020-05-13 at 11:36:13 CST [main] INFO  org.springframework.boot.web.embedded.tomcat.TomcatWebServer 206 start - Tomcat started on port(s): 80 (http) with context path ''
2020-05-13 at 11:36:17 CST [http-nio-80-exec-1] INFO  org.springframework.web.servlet.DispatcherServlet 494 initServletBean - FrameworkServlet 'dispatcherServlet': initialization started
2020-05-13 at 11:36:17 CST [http-nio-80-exec-1] INFO  org.springframework.web.servlet.DispatcherServlet 509 initServletBean - FrameworkServlet 'dispatcherServlet': initialization completed in 20 ms
